Analysis & Synthesis report for RISC_CPU
Sun Mar 08 10:44:44 2015
Quartus II 64-Bit Version 13.0.1 Build 232 06/12/2013 Service Pack 1 SJ Full Version


---------------------
; Table of Contents ;
---------------------
  1. Legal Notice
  2. Analysis & Synthesis Summary
  3. Analysis & Synthesis Settings
  4. Parallel Compilation
  5. Analysis & Synthesis Source Files Read
  6. Analysis & Synthesis Resource Usage Summary
  7. Analysis & Synthesis Resource Utilization by Entity
  8. Analysis & Synthesis DSP Block Usage Summary
  9. State Machine - |RISC_CPU_TPO1|RISC_CPU:U0|machine:U5|\main:state
 10. State Machine - |RISC_CPU_TPO1|RISC_CPU:U0|clkgen:U0|pr_state
 11. General Register Statistics
 12. Inverted Register Statistics
 13. Multiplexer Restructuring Statistics (Restructuring Performed)
 14. Parameter Settings for Inferred Entity Instance: RISC_CPU:U0|myalu:U3|lpm_divide:Div0
 15. Parameter Settings for Inferred Entity Instance: RISC_CPU:U0|myalu:U3|lpm_mult:Mult1
 16. Parameter Settings for Inferred Entity Instance: RISC_CPU:U0|myalu:U3|lpm_mult:Mult0
 17. Parameter Settings for Inferred Entity Instance: RISC_CPU:U0|myalu:U3|lpm_divide:Div1
 18. lpm_mult Parameter Settings by Entity Instance
 19. Elapsed Time Per Partition
 20. Analysis & Synthesis Messages



----------------
; Legal Notice ;
----------------
Copyright (C) 1991-2013 Altera Corporation
Your use of Altera Corporation's design tools, logic functions 
and other software and tools, and its AMPP partner logic 
functions, and any output files from any of the foregoing 
(including device programming or simulation files), and any 
associated documentation or information are expressly subject 
to the terms and conditions of the Altera Program License 
Subscription Agreement, Altera MegaCore Function License 
Agreement, or other applicable license agreement, including, 
without limitation, that your use is for the sole purpose of 
programming logic devices manufactured by Altera and sold by 
Altera or its authorized distributors.  Please refer to the 
applicable agreement for further details.



+---------------------------------------------------------------------------------------+
; Analysis & Synthesis Summary                                                          ;
+------------------------------------+--------------------------------------------------+
; Analysis & Synthesis Status        ; Successful - Sun Mar 08 10:44:44 2015            ;
; Quartus II 64-Bit Version          ; 13.0.1 Build 232 06/12/2013 SP 1 SJ Full Version ;
; Revision Name                      ; RISC_CPU                                         ;
; Top-level Entity Name              ; RISC_CPU_TPO1                                    ;
; Family                             ; Cyclone II                                       ;
; Total logic elements               ; 4,095                                            ;
;     Total combinational functions  ; 2,079                                            ;
;     Dedicated logic registers      ; 2,118                                            ;
; Total registers                    ; 2118                                             ;
; Total pins                         ; 3                                                ;
; Total virtual pins                 ; 0                                                ;
; Total memory bits                  ; 0                                                ;
; Embedded Multiplier 9-bit elements ; 2                                                ;
; Total PLLs                         ; 0                                                ;
+------------------------------------+--------------------------------------------------+


+----------------------------------------------------------------------------------------------------------------------+
; Analysis & Synthesis Settings                                                                                        ;
+----------------------------------------------------------------------------+--------------------+--------------------+
; Option                                                                     ; Setting            ; Default Value      ;
+----------------------------------------------------------------------------+--------------------+--------------------+
; Top-level entity name                                                      ; RISC_CPU_TPO1      ; RISC_CPU           ;
; Family name                                                                ; Cyclone II         ; Cyclone IV GX      ;
; Use smart compilation                                                      ; Off                ; Off                ;
; Enable parallel Assembler and TimeQuest Timing Analyzer during compilation ; On                 ; On                 ;
; Enable compact report table                                                ; Off                ; Off                ;
; Restructure Multiplexers                                                   ; Auto               ; Auto               ;
; Create Debugging Nodes for IP Cores                                        ; Off                ; Off                ;
; Preserve fewer node names                                                  ; On                 ; On                 ;
; Disable OpenCore Plus hardware evaluation                                  ; Off                ; Off                ;
; Verilog Version                                                            ; Verilog_2001       ; Verilog_2001       ;
; VHDL Version                                                               ; VHDL_1993          ; VHDL_1993          ;
; State Machine Processing                                                   ; Auto               ; Auto               ;
; Safe State Machine                                                         ; Off                ; Off                ;
; Extract Verilog State Machines                                             ; On                 ; On                 ;
; Extract VHDL State Machines                                                ; On                 ; On                 ;
; Ignore Verilog initial constructs                                          ; Off                ; Off                ;
; Iteration limit for constant Verilog loops                                 ; 5000               ; 5000               ;
; Iteration limit for non-constant Verilog loops                             ; 250                ; 250                ;
; Add Pass-Through Logic to Inferred RAMs                                    ; On                 ; On                 ;
; Infer RAMs from Raw Logic                                                  ; On                 ; On                 ;
; Parallel Synthesis                                                         ; On                 ; On                 ;
; DSP Block Balancing                                                        ; Auto               ; Auto               ;
; NOT Gate Push-Back                                                         ; On                 ; On                 ;
; Power-Up Don't Care                                                        ; On                 ; On                 ;
; Remove Redundant Logic Cells                                               ; Off                ; Off                ;
; Remove Duplicate Registers                                                 ; On                 ; On                 ;
; Ignore CARRY Buffers                                                       ; Off                ; Off                ;
; Ignore CASCADE Buffers                                                     ; Off                ; Off                ;
; Ignore GLOBAL Buffers                                                      ; Off                ; Off                ;
; Ignore ROW GLOBAL Buffers                                                  ; Off                ; Off                ;
; Ignore LCELL Buffers                                                       ; Off                ; Off                ;
; Ignore SOFT Buffers                                                        ; On                 ; On                 ;
; Limit AHDL Integers to 32 Bits                                             ; Off                ; Off                ;
; Optimization Technique                                                     ; Balanced           ; Balanced           ;
; Carry Chain Length                                                         ; 70                 ; 70                 ;
; Auto Carry Chains                                                          ; On                 ; On                 ;
; Auto Open-Drain Pins                                                       ; On                 ; On                 ;
; Perform WYSIWYG Primitive Resynthesis                                      ; Off                ; Off                ;
; Auto ROM Replacement                                                       ; On                 ; On                 ;
; Auto RAM Replacement                                                       ; On                 ; On                 ;
; Auto Shift Register Replacement                                            ; Auto               ; Auto               ;
; Allow Shift Register Merging across Hierarchies                            ; Auto               ; Auto               ;
; Auto Clock Enable Replacement                                              ; On                 ; On                 ;
; Strict RAM Replacement                                                     ; Off                ; Off                ;
; Allow Synchronous Control Signals                                          ; On                 ; On                 ;
; Force Use of Synchronous Clear Signals                                     ; Off                ; Off                ;
; Auto RAM to Logic Cell Conversion                                          ; Off                ; Off                ;
; Auto Resource Sharing                                                      ; Off                ; Off                ;
; Allow Any RAM Size For Recognition                                         ; Off                ; Off                ;
; Allow Any ROM Size For Recognition                                         ; Off                ; Off                ;
; Allow Any Shift Register Size For Recognition                              ; Off                ; Off                ;
; Use LogicLock Constraints during Resource Balancing                        ; On                 ; On                 ;
; Ignore translate_off and synthesis_off directives                          ; Off                ; Off                ;
; Timing-Driven Synthesis                                                    ; Off                ; Off                ;
; Report Parameter Settings                                                  ; On                 ; On                 ;
; Report Source Assignments                                                  ; On                 ; On                 ;
; Report Connectivity Checks                                                 ; On                 ; On                 ;
; Ignore Maximum Fan-Out Assignments                                         ; Off                ; Off                ;
; Synchronization Register Chain Length                                      ; 2                  ; 2                  ;
; PowerPlay Power Optimization                                               ; Normal compilation ; Normal compilation ;
; HDL message level                                                          ; Level2             ; Level2             ;
; Suppress Register Optimization Related Messages                            ; Off                ; Off                ;
; Number of Removed Registers Reported in Synthesis Report                   ; 5000               ; 5000               ;
; Number of Swept Nodes Reported in Synthesis Report                         ; 5000               ; 5000               ;
; Number of Inverted Registers Reported in Synthesis Report                  ; 100                ; 100                ;
; Clock MUX Protection                                                       ; On                 ; On                 ;
; Auto Gated Clock Conversion                                                ; Off                ; Off                ;
; Block Design Naming                                                        ; Auto               ; Auto               ;
; SDC constraint protection                                                  ; Off                ; Off                ;
; Synthesis Effort                                                           ; Auto               ; Auto               ;
; Shift Register Replacement - Allow Asynchronous Clear Signal               ; On                 ; On                 ;
; Pre-Mapping Resynthesis Optimization                                       ; Off                ; Off                ;
; Analysis & Synthesis Message Level                                         ; Medium             ; Medium             ;
; Disable Register Merging Across Hierarchies                                ; Auto               ; Auto               ;
; Resource Aware Inference For Block RAM                                     ; On                 ; On                 ;
; Synthesis Seed                                                             ; 1                  ; 1                  ;
+----------------------------------------------------------------------------+--------------------+--------------------+


+------------------------------------------+
; Parallel Compilation                     ;
+----------------------------+-------------+
; Processors                 ; Number      ;
+----------------------------+-------------+
; Number detected on machine ; 4           ;
; Maximum allowed            ; 2           ;
;                            ;             ;
; Average used               ; 1.00        ;
; Maximum used               ; 1           ;
;                            ;             ;
; Usage by Processor         ; % Time Used ;
;     Processor 1            ; 100.0%      ;
;     Processors 2-4         ;   0.0%      ;
+----------------------------+-------------+


+----------------------------------------------------------------------------------------------------------------------------------------------------------------------+
; Analysis & Synthesis Source Files Read                                                                                                                               ;
+----------------------------------+-----------------+------------------------------+------------------------------------------------------------------------+---------+
; File Name with User-Entered Path ; Used in Netlist ; File Type                    ; File Name with Absolute Path                                           ; Library ;
+----------------------------------+-----------------+------------------------------+------------------------------------------------------------------------+---------+
; myaddr.vhd                       ; yes             ; User VHDL File               ; E:/FINIAL/RISC_CPU/myaddr.vhd                                          ;         ;
; machinectl.vhd                   ; yes             ; User VHDL File               ; E:/FINIAL/RISC_CPU/machinectl.vhd                                      ;         ;
; machine.vhd                      ; yes             ; User VHDL File               ; E:/FINIAL/RISC_CPU/machine.vhd                                         ;         ;
; myalu.vhd                        ; yes             ; User VHDL File               ; E:/FINIAL/RISC_CPU/myalu.vhd                                           ;         ;
; accumulator.vhd                  ; yes             ; User VHDL File               ; E:/FINIAL/RISC_CPU/accumulator.vhd                                     ;         ;
; instruction_register.vhd         ; yes             ; User VHDL File               ; E:/FINIAL/RISC_CPU/instruction_register.vhd                            ;         ;
; datactl.vhd                      ; yes             ; User VHDL File               ; E:/FINIAL/RISC_CPU/datactl.vhd                                         ;         ;
; counter.vhd                      ; yes             ; User VHDL File               ; E:/FINIAL/RISC_CPU/counter.vhd                                         ;         ;
; clkgen.vhd                       ; yes             ; User VHDL File               ; E:/FINIAL/RISC_CPU/clkgen.vhd                                          ;         ;
; addr_decodeer.vhd                ; yes             ; User VHDL File               ; E:/FINIAL/RISC_CPU/addr_decodeer.vhd                                   ;         ;
; rom1.vhd                         ; yes             ; User VHDL File               ; E:/FINIAL/RISC_CPU/rom1.vhd                                            ;         ;
; ram1.vhd                         ; yes             ; User VHDL File               ; E:/FINIAL/RISC_CPU/ram1.vhd                                            ;         ;
; RISC_CPU.vhd                     ; yes             ; User VHDL File               ; E:/FINIAL/RISC_CPU/RISC_CPU.vhd                                        ;         ;
; RISC_CPU_TPO1.vhd                ; yes             ; User VHDL File               ; E:/FINIAL/RISC_CPU/RISC_CPU_TPO1.vhd                                   ;         ;
; lpm_divide.tdf                   ; yes             ; Megafunction                 ; d:/altera/13.0sp11/quartus/libraries/megafunctions/lpm_divide.tdf      ;         ;
; abs_divider.inc                  ; yes             ; Megafunction                 ; d:/altera/13.0sp11/quartus/libraries/megafunctions/abs_divider.inc     ;         ;
; sign_div_unsign.inc              ; yes             ; Megafunction                 ; d:/altera/13.0sp11/quartus/libraries/megafunctions/sign_div_unsign.inc ;         ;
; aglobal130.inc                   ; yes             ; Megafunction                 ; d:/altera/13.0sp11/quartus/libraries/megafunctions/aglobal130.inc      ;         ;
; db/lpm_divide_5dm.tdf            ; yes             ; Auto-Generated Megafunction  ; E:/FINIAL/RISC_CPU/db/lpm_divide_5dm.tdf                               ;         ;
; db/sign_div_unsign_fkh.tdf       ; yes             ; Auto-Generated Megafunction  ; E:/FINIAL/RISC_CPU/db/sign_div_unsign_fkh.tdf                          ;         ;
; db/alt_u_div_00f.tdf             ; yes             ; Auto-Generated Megafunction  ; E:/FINIAL/RISC_CPU/db/alt_u_div_00f.tdf                                ;         ;
; db/add_sub_lkc.tdf               ; yes             ; Auto-Generated Megafunction  ; E:/FINIAL/RISC_CPU/db/add_sub_lkc.tdf                                  ;         ;
; db/add_sub_mkc.tdf               ; yes             ; Auto-Generated Megafunction  ; E:/FINIAL/RISC_CPU/db/add_sub_mkc.tdf                                  ;         ;
; lpm_mult.tdf                     ; yes             ; Megafunction                 ; d:/altera/13.0sp11/quartus/libraries/megafunctions/lpm_mult.tdf        ;         ;
; lpm_add_sub.inc                  ; yes             ; Megafunction                 ; d:/altera/13.0sp11/quartus/libraries/megafunctions/lpm_add_sub.inc     ;         ;
; multcore.inc                     ; yes             ; Megafunction                 ; d:/altera/13.0sp11/quartus/libraries/megafunctions/multcore.inc        ;         ;
; bypassff.inc                     ; yes             ; Megafunction                 ; d:/altera/13.0sp11/quartus/libraries/megafunctions/bypassff.inc        ;         ;
; altshift.inc                     ; yes             ; Megafunction                 ; d:/altera/13.0sp11/quartus/libraries/megafunctions/altshift.inc        ;         ;
; db/mult_o5t.tdf                  ; yes             ; Auto-Generated Megafunction  ; E:/FINIAL/RISC_CPU/db/mult_o5t.tdf                                     ;         ;
+----------------------------------+-----------------+------------------------------+------------------------------------------------------------------------+---------+


+-------------------------------------------------------------------------+
; Analysis & Synthesis Resource Usage Summary                             ;
+---------------------------------------------+---------------------------+
; Resource                                    ; Usage                     ;
+---------------------------------------------+---------------------------+
; Estimated Total logic elements              ; 4,095                     ;
;                                             ;                           ;
; Total combinational functions               ; 2079                      ;
; Logic element usage by number of LUT inputs ;                           ;
;     -- 4 input functions                    ; 1606                      ;
;     -- 3 input functions                    ; 358                       ;
;     -- <=2 input functions                  ; 115                       ;
;                                             ;                           ;
; Logic elements by mode                      ;                           ;
;     -- normal mode                          ; 1995                      ;
;     -- arithmetic mode                      ; 84                        ;
;                                             ;                           ;
; Total registers                             ; 2118                      ;
;     -- Dedicated logic registers            ; 2118                      ;
;     -- I/O registers                        ; 0                         ;
;                                             ;                           ;
; I/O pins                                    ; 3                         ;
; Embedded Multiplier 9-bit elements          ; 2                         ;
; Maximum fan-out node                        ; RISC_CPU:U0|machine:U5|wr ;
; Maximum fan-out                             ; 2048                      ;
; Total fan-out                               ; 14159                     ;
; Average fan-out                             ; 3.37                      ;
+---------------------------------------------+---------------------------+


+-------------------------------------------------------------------------------------------------------------------------------------------------------------------------------------------------------------------------------------------------------------------------------------------------------------------------------------+
; Analysis & Synthesis Resource Utilization by Entity                                                                                                                                                                                                                                                                                 ;
+----------------------------------------------+-------------------+--------------+-------------+--------------+---------+-----------+------+--------------+-----------------------------------------------------------------------------------------------------------------------------------------------------------+--------------+
; Compilation Hierarchy Node                   ; LC Combinationals ; LC Registers ; Memory Bits ; DSP Elements ; DSP 9x9 ; DSP 18x18 ; Pins ; Virtual Pins ; Full Hierarchy Name                                                                                                                                       ; Library Name ;
+----------------------------------------------+-------------------+--------------+-------------+--------------+---------+-----------+------+--------------+-----------------------------------------------------------------------------------------------------------------------------------------------------------+--------------+
; |RISC_CPU_TPO1                               ; 2079 (1)          ; 2118 (0)     ; 0           ; 2            ; 2       ; 0         ; 3    ; 0            ; |RISC_CPU_TPO1                                                                                                                                            ; work         ;
;    |RISC_CPU:U0|                             ; 368 (0)           ; 70 (0)       ; 0           ; 2            ; 2       ; 0         ; 0    ; 0            ; |RISC_CPU_TPO1|RISC_CPU:U0                                                                                                                                ; work         ;
;       |accumulator:U2|                       ; 9 (9)             ; 8 (8)        ; 0           ; 0            ; 0       ; 0         ; 0    ; 0            ; |RISC_CPU_TPO1|RISC_CPU:U0|accumulator:U2                                                                                                                 ; work         ;
;       |clkgen:U0|                            ; 10 (10)           ; 9 (9)        ; 0           ; 0            ; 0       ; 0         ; 0    ; 0            ; |RISC_CPU_TPO1|RISC_CPU:U0|clkgen:U0                                                                                                                      ; work         ;
;       |counter:U7|                           ; 11 (11)           ; 11 (11)      ; 0           ; 0            ; 0       ; 0         ; 0    ; 0            ; |RISC_CPU_TPO1|RISC_CPU:U0|counter:U7                                                                                                                     ; work         ;
;       |instruction_register:U1|              ; 11 (11)           ; 17 (17)      ; 0           ; 0            ; 0       ; 0         ; 0    ; 0            ; |RISC_CPU_TPO1|RISC_CPU:U0|instruction_register:U1                                                                                                        ; work         ;
;       |machine:U5|                           ; 33 (33)           ; 16 (16)      ; 0           ; 0            ; 0       ; 0         ; 0    ; 0            ; |RISC_CPU_TPO1|RISC_CPU:U0|machine:U5                                                                                                                     ; work         ;
;       |machinectl:U4|                        ; 0 (0)             ; 1 (1)        ; 0           ; 0            ; 0       ; 0         ; 0    ; 0            ; |RISC_CPU_TPO1|RISC_CPU:U0|machinectl:U4                                                                                                                  ; work         ;
;       |myaddr:U6|                            ; 8 (8)             ; 0 (0)        ; 0           ; 0            ; 0       ; 0         ; 0    ; 0            ; |RISC_CPU_TPO1|RISC_CPU:U0|myaddr:U6                                                                                                                      ; work         ;
;       |myalu:U3|                             ; 286 (133)         ; 8 (8)        ; 0           ; 2            ; 2       ; 0         ; 0    ; 0            ; |RISC_CPU_TPO1|RISC_CPU:U0|myalu:U3                                                                                                                       ; work         ;
;          |lpm_divide:Div0|                   ; 76 (0)            ; 0 (0)        ; 0           ; 0            ; 0       ; 0         ; 0    ; 0            ; |RISC_CPU_TPO1|RISC_CPU:U0|myalu:U3|lpm_divide:Div0                                                                                                       ; work         ;
;             |lpm_divide_5dm:auto_generated|  ; 76 (0)            ; 0 (0)        ; 0           ; 0            ; 0       ; 0         ; 0    ; 0            ; |RISC_CPU_TPO1|RISC_CPU:U0|myalu:U3|lpm_divide:Div0|lpm_divide_5dm:auto_generated                                                                         ; work         ;
;                |sign_div_unsign_fkh:divider| ; 76 (0)            ; 0 (0)        ; 0           ; 0            ; 0       ; 0         ; 0    ; 0            ; |RISC_CPU_TPO1|RISC_CPU:U0|myalu:U3|lpm_divide:Div0|lpm_divide_5dm:auto_generated|sign_div_unsign_fkh:divider                                             ; work         ;
;                   |alt_u_div_00f:divider|    ; 76 (75)           ; 0 (0)        ; 0           ; 0            ; 0       ; 0         ; 0    ; 0            ; |RISC_CPU_TPO1|RISC_CPU:U0|myalu:U3|lpm_divide:Div0|lpm_divide_5dm:auto_generated|sign_div_unsign_fkh:divider|alt_u_div_00f:divider                       ; work         ;
;                      |add_sub_mkc:add_sub_1| ; 1 (1)             ; 0 (0)        ; 0           ; 0            ; 0       ; 0         ; 0    ; 0            ; |RISC_CPU_TPO1|RISC_CPU:U0|myalu:U3|lpm_divide:Div0|lpm_divide_5dm:auto_generated|sign_div_unsign_fkh:divider|alt_u_div_00f:divider|add_sub_mkc:add_sub_1 ; work         ;
;          |lpm_divide:Div1|                   ; 77 (0)            ; 0 (0)        ; 0           ; 0            ; 0       ; 0         ; 0    ; 0            ; |RISC_CPU_TPO1|RISC_CPU:U0|myalu:U3|lpm_divide:Div1                                                                                                       ; work         ;
;             |lpm_divide_5dm:auto_generated|  ; 77 (0)            ; 0 (0)        ; 0           ; 0            ; 0       ; 0         ; 0    ; 0            ; |RISC_CPU_TPO1|RISC_CPU:U0|myalu:U3|lpm_divide:Div1|lpm_divide_5dm:auto_generated                                                                         ; work         ;
;                |sign_div_unsign_fkh:divider| ; 77 (0)            ; 0 (0)        ; 0           ; 0            ; 0       ; 0         ; 0    ; 0            ; |RISC_CPU_TPO1|RISC_CPU:U0|myalu:U3|lpm_divide:Div1|lpm_divide_5dm:auto_generated|sign_div_unsign_fkh:divider                                             ; work         ;
;                   |alt_u_div_00f:divider|    ; 77 (76)           ; 0 (0)        ; 0           ; 0            ; 0       ; 0         ; 0    ; 0            ; |RISC_CPU_TPO1|RISC_CPU:U0|myalu:U3|lpm_divide:Div1|lpm_divide_5dm:auto_generated|sign_div_unsign_fkh:divider|alt_u_div_00f:divider                       ; work         ;
;                      |add_sub_mkc:add_sub_1| ; 1 (1)             ; 0 (0)        ; 0           ; 0            ; 0       ; 0         ; 0    ; 0            ; |RISC_CPU_TPO1|RISC_CPU:U0|myalu:U3|lpm_divide:Div1|lpm_divide_5dm:auto_generated|sign_div_unsign_fkh:divider|alt_u_div_00f:divider|add_sub_mkc:add_sub_1 ; work         ;
;          |lpm_mult:Mult0|                    ; 0 (0)             ; 0 (0)        ; 0           ; 1            ; 1       ; 0         ; 0    ; 0            ; |RISC_CPU_TPO1|RISC_CPU:U0|myalu:U3|lpm_mult:Mult0                                                                                                        ; work         ;
;             |mult_o5t:auto_generated|        ; 0 (0)             ; 0 (0)        ; 0           ; 1            ; 1       ; 0         ; 0    ; 0            ; |RISC_CPU_TPO1|RISC_CPU:U0|myalu:U3|lpm_mult:Mult0|mult_o5t:auto_generated                                                                                ; work         ;
;          |lpm_mult:Mult1|                    ; 0 (0)             ; 0 (0)        ; 0           ; 1            ; 1       ; 0         ; 0    ; 0            ; |RISC_CPU_TPO1|RISC_CPU:U0|myalu:U3|lpm_mult:Mult1                                                                                                        ; work         ;
;             |mult_o5t:auto_generated|        ; 0 (0)             ; 0 (0)        ; 0           ; 1            ; 1       ; 0         ; 0    ; 0            ; |RISC_CPU_TPO1|RISC_CPU:U0|myalu:U3|lpm_mult:Mult1|mult_o5t:auto_generated                                                                                ; work         ;
;    |ram1:U2|                                 ; 1696 (1696)       ; 2048 (2048)  ; 0           ; 0            ; 0       ; 0         ; 0    ; 0            ; |RISC_CPU_TPO1|ram1:U2                                                                                                                                    ; work         ;
;    |rom1:U3|                                 ; 14 (14)           ; 0 (0)        ; 0           ; 0            ; 0       ; 0         ; 0    ; 0            ; |RISC_CPU_TPO1|rom1:U3                                                                                                                                    ; work         ;
+----------------------------------------------+-------------------+--------------+-------------+--------------+---------+-----------+------+--------------+-----------------------------------------------------------------------------------------------------------------------------------------------------------+--------------+
Note: For table entries with two numbers listed, the numbers in parentheses indicate the number of resources of the given type used by the specific entity alone. The numbers listed outside of parentheses indicate the total resources of the given type used by the specific entity and all of its sub-entities in the hierarchy.


+-----------------------------------------------------+
; Analysis & Synthesis DSP Block Usage Summary        ;
+---------------------------------------+-------------+
; Statistic                             ; Number Used ;
+---------------------------------------+-------------+
; Simple Multipliers (9-bit)            ; 2           ;
; Simple Multipliers (18-bit)           ; 0           ;
; Embedded Multiplier Blocks            ; --          ;
; Embedded Multiplier 9-bit elements    ; 2           ;
; Signed Embedded Multipliers           ; 0           ;
; Unsigned Embedded Multipliers         ; 2           ;
; Mixed Sign Embedded Multipliers       ; 0           ;
; Variable Sign Embedded Multipliers    ; 0           ;
; Dedicated Input Shift Register Chains ; 0           ;
+---------------------------------------+-------------+
Note: number of Embedded Multiplier Blocks used is only available after a successful fit.


Encoding Type:  One-Hot
+-----------------------------------------------------------------------------------------------------------------------------------------------------------------------------------+
; State Machine - |RISC_CPU_TPO1|RISC_CPU:U0|machine:U5|\main:state                                                                                                                 ;
+-------------------+-------------------+-------------------+-------------------+-------------------+-------------------+-------------------+-------------------+-------------------+
; Name              ; \main:state.clk_7 ; \main:state.clk_6 ; \main:state.clk_5 ; \main:state.clk_4 ; \main:state.clk_3 ; \main:state.clk_2 ; \main:state.clk_1 ; \main:state.clk_0 ;
+-------------------+-------------------+-------------------+-------------------+-------------------+-------------------+-------------------+-------------------+-------------------+
; \main:state.clk_0 ; 0                 ; 0                 ; 0                 ; 0                 ; 0                 ; 0                 ; 0                 ; 0                 ;
; \main:state.clk_1 ; 0                 ; 0                 ; 0                 ; 0                 ; 0                 ; 0                 ; 1                 ; 1                 ;
; \main:state.clk_2 ; 0                 ; 0                 ; 0                 ; 0                 ; 0                 ; 1                 ; 0                 ; 1                 ;
; \main:state.clk_3 ; 0                 ; 0                 ; 0                 ; 0                 ; 1                 ; 0                 ; 0                 ; 1                 ;
; \main:state.clk_4 ; 0                 ; 0                 ; 0                 ; 1                 ; 0                 ; 0                 ; 0                 ; 1                 ;
; \main:state.clk_5 ; 0                 ; 0                 ; 1                 ; 0                 ; 0                 ; 0                 ; 0                 ; 1                 ;
; \main:state.clk_6 ; 0                 ; 1                 ; 0                 ; 0                 ; 0                 ; 0                 ; 0                 ; 1                 ;
; \main:state.clk_7 ; 1                 ; 0                 ; 0                 ; 0                 ; 0                 ; 0                 ; 0                 ; 1                 ;
+-------------------+-------------------+-------------------+-------------------+-------------------+-------------------+-------------------+-------------------+-------------------+


Encoding Type:  One-Hot
+-----------------------------------------------------------------------------------------------------------------------------------------------+
; State Machine - |RISC_CPU_TPO1|RISC_CPU:U0|clkgen:U0|pr_state                                                                                 ;
+---------------+-------------+-------------+-------------+-------------+-------------+-------------+-------------+-------------+---------------+
; Name          ; pr_state.c7 ; pr_state.c6 ; pr_state.c5 ; pr_state.c4 ; pr_state.c3 ; pr_state.c2 ; pr_state.c1 ; pr_state.c0 ; pr_state.idle ;
+---------------+-------------+-------------+-------------+-------------+-------------+-------------+-------------+-------------+---------------+
; pr_state.idle ; 0           ; 0           ; 0           ; 0           ; 0           ; 0           ; 0           ; 0           ; 0             ;
; pr_state.c0   ; 0           ; 0           ; 0           ; 0           ; 0           ; 0           ; 0           ; 1           ; 1             ;
; pr_state.c1   ; 0           ; 0           ; 0           ; 0           ; 0           ; 0           ; 1           ; 0           ; 1             ;
; pr_state.c2   ; 0           ; 0           ; 0           ; 0           ; 0           ; 1           ; 0           ; 0           ; 1             ;
; pr_state.c3   ; 0           ; 0           ; 0           ; 0           ; 1           ; 0           ; 0           ; 0           ; 1             ;
; pr_state.c4   ; 0           ; 0           ; 0           ; 1           ; 0           ; 0           ; 0           ; 0           ; 1             ;
; pr_state.c5   ; 0           ; 0           ; 1           ; 0           ; 0           ; 0           ; 0           ; 0           ; 1             ;
; pr_state.c6   ; 0           ; 1           ; 0           ; 0           ; 0           ; 0           ; 0           ; 0           ; 1             ;
; pr_state.c7   ; 1           ; 0           ; 0           ; 0           ; 0           ; 0           ; 0           ; 0           ; 1             ;
+---------------+-------------+-------------+-------------+-------------+-------------+-------------+-------------+-------------+---------------+


+------------------------------------------------------+
; General Register Statistics                          ;
+----------------------------------------------+-------+
; Statistic                                    ; Value ;
+----------------------------------------------+-------+
; Total registers                              ; 2118  ;
; Number of registers using Synchronous Clear  ; 2     ;
; Number of registers using Synchronous Load   ; 11    ;
; Number of registers using Asynchronous Clear ; 124   ;
; Number of registers using Asynchronous Load  ; 0     ;
; Number of registers using Clock Enable       ; 2072  ;
; Number of registers using Preset             ; 0     ;
+----------------------------------------------+-------+


+---------------------------------------------------+
; Inverted Register Statistics                      ;
+-----------------------------------------+---------+
; Inverted Register                       ; Fan out ;
+-----------------------------------------+---------+
; ram1:U2|mem[11][3]                      ; 1       ;
; ram1:U2|mem[10][3]                      ; 1       ;
; ram1:U2|mem[9][3]                       ; 1       ;
; ram1:U2|mem[8][3]                       ; 1       ;
; ram1:U2|mem[12][3]                      ; 1       ;
; ram1:U2|mem[13][6]                      ; 1       ;
; ram1:U2|mem[11][6]                      ; 1       ;
; ram1:U2|mem[11][5]                      ; 1       ;
; ram1:U2|mem[12][5]                      ; 1       ;
; ram1:U2|mem[12][7]                      ; 1       ;
; ram1:U2|mem[11][7]                      ; 1       ;
; ram1:U2|mem[11][4]                      ; 1       ;
; ram1:U2|mem[13][4]                      ; 1       ;
; ram1:U2|mem[7][1]                       ; 1       ;
; ram1:U2|mem[11][1]                      ; 1       ;
; ram1:U2|mem[3][1]                       ; 1       ;
; ram1:U2|mem[6][1]                       ; 1       ;
; ram1:U2|mem[10][1]                      ; 1       ;
; ram1:U2|mem[2][1]                       ; 1       ;
; ram1:U2|mem[12][1]                      ; 1       ;
; ram1:U2|mem[5][2]                       ; 1       ;
; ram1:U2|mem[4][2]                       ; 1       ;
; ram1:U2|mem[13][2]                      ; 1       ;
; ram1:U2|mem[11][2]                      ; 1       ;
; ram1:U2|mem[7][2]                       ; 1       ;
; ram1:U2|mem[6][2]                       ; 1       ;
; ram1:U2|mem[9][0]                       ; 1       ;
; ram1:U2|mem[11][0]                      ; 1       ;
; ram1:U2|mem[5][0]                       ; 1       ;
; ram1:U2|mem[7][0]                       ; 1       ;
; ram1:U2|mem[1][0]                       ; 1       ;
; ram1:U2|mem[3][0]                       ; 1       ;
; ram1:U2|mem[13][0]                      ; 1       ;
; Total number of inverted registers = 33 ;         ;
+-----------------------------------------+---------+


+-----------------------------------------------------------------------------------------------------------------------------------------------------------------------------+
; Multiplexer Restructuring Statistics (Restructuring Performed)                                                                                                              ;
+--------------------+-----------+---------------+----------------------+------------------------+------------+---------------------------------------------------------------+
; Multiplexer Inputs ; Bus Width ; Baseline Area ; Area if Restructured ; Saving if Restructured ; Registered ; Example Multiplexer Output                                    ;
+--------------------+-----------+---------------+----------------------+------------------------+------------+---------------------------------------------------------------+
; 3:1                ; 2 bits    ; 4 LEs         ; 2 LEs                ; 2 LEs                  ; Yes        ; |RISC_CPU_TPO1|RISC_CPU:U0|machine:U5|wr                      ;
; 4:1                ; 8 bits    ; 16 LEs        ; 8 LEs                ; 8 LEs                  ; Yes        ; |RISC_CPU_TPO1|RISC_CPU:U0|instruction_register:U1|ir_addr[9] ;
; 4:1                ; 8 bits    ; 16 LEs        ; 8 LEs                ; 8 LEs                  ; Yes        ; |RISC_CPU_TPO1|RISC_CPU:U0|instruction_register:U1|ir_addr[6] ;
; 3:1                ; 8 bits    ; 16 LEs        ; 8 LEs                ; 8 LEs                  ; Yes        ; |RISC_CPU_TPO1|RISC_CPU:U0|accumulator:U2|accum[5]            ;
; 20:1               ; 6 bits    ; 78 LEs        ; 54 LEs               ; 24 LEs                 ; Yes        ; |RISC_CPU_TPO1|RISC_CPU:U0|myalu:U3|alu_out[1]                ;
; 3:1                ; 2 bits    ; 4 LEs         ; 2 LEs                ; 2 LEs                  ; No         ; |RISC_CPU_TPO1|RISC_CPU:U0|machine:U5|load_pc                 ;
; 256:1              ; 8 bits    ; 1360 LEs      ; 1360 LEs             ; 0 LEs                  ; No         ; |RISC_CPU_TPO1|ram1:U2|Mux4                                   ;
; 3:1                ; 8 bits    ; 16 LEs        ; 16 LEs               ; 0 LEs                  ; No         ; |RISC_CPU_TPO1|RISC_CPU:U0|myalu:U3|Add0                      ;
+--------------------+-----------+---------------+----------------------+------------------------+------------+---------------------------------------------------------------+


+---------------------------------------------------------------------------------------+
; Parameter Settings for Inferred Entity Instance: RISC_CPU:U0|myalu:U3|lpm_divide:Div0 ;
+------------------------+----------------+---------------------------------------------+
; Parameter Name         ; Value          ; Type                                        ;
+------------------------+----------------+---------------------------------------------+
; LPM_WIDTHN             ; 8              ; Untyped                                     ;
; LPM_WIDTHD             ; 8              ; Untyped                                     ;
; LPM_NREPRESENTATION    ; UNSIGNED       ; Untyped                                     ;
; LPM_DREPRESENTATION    ; UNSIGNED       ; Untyped                                     ;
; LPM_PIPELINE           ; 0              ; Untyped                                     ;
; LPM_REMAINDERPOSITIVE  ; TRUE           ; Untyped                                     ;
; MAXIMIZE_SPEED         ; 5              ; Untyped                                     ;
; CBXI_PARAMETER         ; lpm_divide_5dm ; Untyped                                     ;
; CARRY_CHAIN            ; MANUAL         ; Untyped                                     ;
; OPTIMIZE_FOR_SPEED     ; 5              ; Untyped                                     ;
; AUTO_CARRY_CHAINS      ; ON             ; AUTO_CARRY                                  ;
; IGNORE_CARRY_BUFFERS   ; OFF            ; IGNORE_CARRY                                ;
; AUTO_CASCADE_CHAINS    ; ON             ; AUTO_CASCADE                                ;
; IGNORE_CASCADE_BUFFERS ; OFF            ; IGNORE_CASCADE                              ;
+------------------------+----------------+---------------------------------------------+
Note: In order to hide this table in the UI and the text report file, please set the "Show Parameter Settings in Synthesis Report" option in "Analysis and Synthesis Settings -> More Settings" to "Off".


+--------------------------------------------------------------------------------------+
; Parameter Settings for Inferred Entity Instance: RISC_CPU:U0|myalu:U3|lpm_mult:Mult1 ;
+------------------------------------------------+------------+------------------------+
; Parameter Name                                 ; Value      ; Type                   ;
+------------------------------------------------+------------+------------------------+
; AUTO_CARRY_CHAINS                              ; ON         ; AUTO_CARRY             ;
; IGNORE_CARRY_BUFFERS                           ; OFF        ; IGNORE_CARRY           ;
; AUTO_CASCADE_CHAINS                            ; ON         ; AUTO_CASCADE           ;
; IGNORE_CASCADE_BUFFERS                         ; OFF        ; IGNORE_CASCADE         ;
; LPM_WIDTHA                                     ; 8          ; Untyped                ;
; LPM_WIDTHB                                     ; 8          ; Untyped                ;
; LPM_WIDTHP                                     ; 16         ; Untyped                ;
; LPM_WIDTHR                                     ; 16         ; Untyped                ;
; LPM_WIDTHS                                     ; 1          ; Untyped                ;
; LPM_REPRESENTATION                             ; UNSIGNED   ; Untyped                ;
; LPM_PIPELINE                                   ; 0          ; Untyped                ;
; LATENCY                                        ; 0          ; Untyped                ;
; INPUT_A_IS_CONSTANT                            ; NO         ; Untyped                ;
; INPUT_B_IS_CONSTANT                            ; NO         ; Untyped                ;
; USE_EAB                                        ; OFF        ; Untyped                ;
; MAXIMIZE_SPEED                                 ; 5          ; Untyped                ;
; DEVICE_FAMILY                                  ; Cyclone II ; Untyped                ;
; CARRY_CHAIN                                    ; MANUAL     ; Untyped                ;
; APEX20K_TECHNOLOGY_MAPPER                      ; LUT        ; TECH_MAPPER_APEX20K    ;
; DEDICATED_MULTIPLIER_CIRCUITRY                 ; AUTO       ; Untyped                ;
; DEDICATED_MULTIPLIER_MIN_INPUT_WIDTH_FOR_AUTO  ; 0          ; Untyped                ;
; DEDICATED_MULTIPLIER_MIN_OUTPUT_WIDTH_FOR_AUTO ; 0          ; Untyped                ;
; CBXI_PARAMETER                                 ; mult_o5t   ; Untyped                ;
; INPUT_A_FIXED_VALUE                            ; Bx         ; Untyped                ;
; INPUT_B_FIXED_VALUE                            ; Bx         ; Untyped                ;
; USE_AHDL_IMPLEMENTATION                        ; OFF        ; Untyped                ;
+------------------------------------------------+------------+------------------------+
Note: In order to hide this table in the UI and the text report file, please set the "Show Parameter Settings in Synthesis Report" option in "Analysis and Synthesis Settings -> More Settings" to "Off".


+--------------------------------------------------------------------------------------+
; Parameter Settings for Inferred Entity Instance: RISC_CPU:U0|myalu:U3|lpm_mult:Mult0 ;
+------------------------------------------------+------------+------------------------+
; Parameter Name                                 ; Value      ; Type                   ;
+------------------------------------------------+------------+------------------------+
; AUTO_CARRY_CHAINS                              ; ON         ; AUTO_CARRY             ;
; IGNORE_CARRY_BUFFERS                           ; OFF        ; IGNORE_CARRY           ;
; AUTO_CASCADE_CHAINS                            ; ON         ; AUTO_CASCADE           ;
; IGNORE_CASCADE_BUFFERS                         ; OFF        ; IGNORE_CASCADE         ;
; LPM_WIDTHA                                     ; 8          ; Untyped                ;
; LPM_WIDTHB                                     ; 8          ; Untyped                ;
; LPM_WIDTHP                                     ; 16         ; Untyped                ;
; LPM_WIDTHR                                     ; 16         ; Untyped                ;
; LPM_WIDTHS                                     ; 1          ; Untyped                ;
; LPM_REPRESENTATION                             ; UNSIGNED   ; Untyped                ;
; LPM_PIPELINE                                   ; 0          ; Untyped                ;
; LATENCY                                        ; 0          ; Untyped                ;
; INPUT_A_IS_CONSTANT                            ; NO         ; Untyped                ;
; INPUT_B_IS_CONSTANT                            ; NO         ; Untyped                ;
; USE_EAB                                        ; OFF        ; Untyped                ;
; MAXIMIZE_SPEED                                 ; 5          ; Untyped                ;
; DEVICE_FAMILY                                  ; Cyclone II ; Untyped                ;
; CARRY_CHAIN                                    ; MANUAL     ; Untyped                ;
; APEX20K_TECHNOLOGY_MAPPER                      ; LUT        ; TECH_MAPPER_APEX20K    ;
; DEDICATED_MULTIPLIER_CIRCUITRY                 ; AUTO       ; Untyped                ;
; DEDICATED_MULTIPLIER_MIN_INPUT_WIDTH_FOR_AUTO  ; 0          ; Untyped                ;
; DEDICATED_MULTIPLIER_MIN_OUTPUT_WIDTH_FOR_AUTO ; 0          ; Untyped                ;
; CBXI_PARAMETER                                 ; mult_o5t   ; Untyped                ;
; INPUT_A_FIXED_VALUE                            ; Bx         ; Untyped                ;
; INPUT_B_FIXED_VALUE                            ; Bx         ; Untyped                ;
; USE_AHDL_IMPLEMENTATION                        ; OFF        ; Untyped                ;
+------------------------------------------------+------------+------------------------+
Note: In order to hide this table in the UI and the text report file, please set the "Show Parameter Settings in Synthesis Report" option in "Analysis and Synthesis Settings -> More Settings" to "Off".


+---------------------------------------------------------------------------------------+
; Parameter Settings for Inferred Entity Instance: RISC_CPU:U0|myalu:U3|lpm_divide:Div1 ;
+------------------------+----------------+---------------------------------------------+
; Parameter Name         ; Value          ; Type                                        ;
+------------------------+----------------+---------------------------------------------+
; LPM_WIDTHN             ; 8              ; Untyped                                     ;
; LPM_WIDTHD             ; 8              ; Untyped                                     ;
; LPM_NREPRESENTATION    ; UNSIGNED       ; Untyped                                     ;
; LPM_DREPRESENTATION    ; UNSIGNED       ; Untyped                                     ;
; LPM_PIPELINE           ; 0              ; Untyped                                     ;
; LPM_REMAINDERPOSITIVE  ; TRUE           ; Untyped                                     ;
; MAXIMIZE_SPEED         ; 5              ; Untyped                                     ;
; CBXI_PARAMETER         ; lpm_divide_5dm ; Untyped                                     ;
; CARRY_CHAIN            ; MANUAL         ; Untyped                                     ;
; OPTIMIZE_FOR_SPEED     ; 5              ; Untyped                                     ;
; AUTO_CARRY_CHAINS      ; ON             ; AUTO_CARRY                                  ;
; IGNORE_CARRY_BUFFERS   ; OFF            ; IGNORE_CARRY                                ;
; AUTO_CASCADE_CHAINS    ; ON             ; AUTO_CASCADE                                ;
; IGNORE_CASCADE_BUFFERS ; OFF            ; IGNORE_CASCADE                              ;
+------------------------+----------------+---------------------------------------------+
Note: In order to hide this table in the UI and the text report file, please set the "Show Parameter Settings in Synthesis Report" option in "Analysis and Synthesis Settings -> More Settings" to "Off".


+-----------------------------------------------------------------------------+
; lpm_mult Parameter Settings by Entity Instance                              ;
+---------------------------------------+-------------------------------------+
; Name                                  ; Value                               ;
+---------------------------------------+-------------------------------------+
; Number of entity instances            ; 2                                   ;
; Entity Instance                       ; RISC_CPU:U0|myalu:U3|lpm_mult:Mult1 ;
;     -- LPM_WIDTHA                     ; 8                                   ;
;     -- LPM_WIDTHB                     ; 8                                   ;
;     -- LPM_WIDTHP                     ; 16                                  ;
;     -- LPM_REPRESENTATION             ; UNSIGNED                            ;
;     -- INPUT_A_IS_CONSTANT            ; NO                                  ;
;     -- INPUT_B_IS_CONSTANT            ; NO                                  ;
;     -- USE_EAB                        ; OFF                                 ;
;     -- DEDICATED_MULTIPLIER_CIRCUITRY ; AUTO                                ;
;     -- INPUT_A_FIXED_VALUE            ; Bx                                  ;
;     -- INPUT_B_FIXED_VALUE            ; Bx                                  ;
; Entity Instance                       ; RISC_CPU:U0|myalu:U3|lpm_mult:Mult0 ;
;     -- LPM_WIDTHA                     ; 8                                   ;
;     -- LPM_WIDTHB                     ; 8                                   ;
;     -- LPM_WIDTHP                     ; 16                                  ;
;     -- LPM_REPRESENTATION             ; UNSIGNED                            ;
;     -- INPUT_A_IS_CONSTANT            ; NO                                  ;
;     -- INPUT_B_IS_CONSTANT            ; NO                                  ;
;     -- USE_EAB                        ; OFF                                 ;
;     -- DEDICATED_MULTIPLIER_CIRCUITRY ; AUTO                                ;
;     -- INPUT_A_FIXED_VALUE            ; Bx                                  ;
;     -- INPUT_B_FIXED_VALUE            ; Bx                                  ;
+---------------------------------------+-------------------------------------+


+-------------------------------+
; Elapsed Time Per Partition    ;
+----------------+--------------+
; Partition Name ; Elapsed Time ;
+----------------+--------------+
; Top            ; 00:00:07     ;
+----------------+--------------+


+-------------------------------+
; Analysis & Synthesis Messages ;
+-------------------------------+
Info: *******************************************************************
Info: Running Quartus II 64-Bit Analysis & Synthesis
    Info: Version 13.0.1 Build 232 06/12/2013 Service Pack 1 SJ Full Version
    Info: Processing started: Sun Mar 08 10:44:34 2015
Info: Command: quartus_map --read_settings_files=on --write_settings_files=off RISC_CPU -c RISC_CPU
Info (11104): Parallel Compilation has detected 4 hyper-threaded processors. However, the extra hyper-threaded processors will not be used by default. Parallel Compilation will use 2 of the 2 physical processors detected instead.
Info (12021): Found 2 design units, including 1 entities, in source file myaddr.vhd
    Info (12022): Found design unit 1: myaddr-behav
    Info (12023): Found entity 1: myaddr
Info (12021): Found 2 design units, including 1 entities, in source file machinectl.vhd
    Info (12022): Found design unit 1: machinectl-behav
    Info (12023): Found entity 1: machinectl
Info (12021): Found 2 design units, including 1 entities, in source file machine.vhd
    Info (12022): Found design unit 1: machine-behav
    Info (12023): Found entity 1: machine
Info (12021): Found 2 design units, including 1 entities, in source file myalu.vhd
    Info (12022): Found design unit 1: myalu-behav
    Info (12023): Found entity 1: myalu
Info (12021): Found 2 design units, including 1 entities, in source file accumulator.vhd
    Info (12022): Found design unit 1: accumulator-behav
    Info (12023): Found entity 1: accumulator
Info (12021): Found 2 design units, including 1 entities, in source file instruction_register.vhd
    Info (12022): Found design unit 1: instruction_register-behav
    Info (12023): Found entity 1: instruction_register
Info (12021): Found 2 design units, including 1 entities, in source file datactl.vhd
    Info (12022): Found design unit 1: datactl-behav
    Info (12023): Found entity 1: datactl
Info (12021): Found 2 design units, including 1 entities, in source file counter.vhd
    Info (12022): Found design unit 1: counter-behav
    Info (12023): Found entity 1: counter
Info (12021): Found 2 design units, including 1 entities, in source file clkgen.vhd
    Info (12022): Found design unit 1: clkgen-behav
    Info (12023): Found entity 1: clkgen
Info (12021): Found 2 design units, including 1 entities, in source file addr_decodeer.vhd
    Info (12022): Found design unit 1: addr_decodeer-behav
    Info (12023): Found entity 1: addr_decodeer
Info (12021): Found 2 design units, including 1 entities, in source file rom1.vhd
    Info (12022): Found design unit 1: rom1-behav
    Info (12023): Found entity 1: rom1
Info (12021): Found 2 design units, including 1 entities, in source file ram1.vhd
    Info (12022): Found design unit 1: ram1-behav
    Info (12023): Found entity 1: ram1
Info (12021): Found 1 design units, including 1 entities, in source file risc_cpu_tpo.bdf
    Info (12023): Found entity 1: RISC_CPU_TPO
Info (12021): Found 1 design units, including 1 entities, in source file clk_gen_bdf.bdf
    Info (12023): Found entity 1: clk_gen_bdf
Info (12021): Found 1 design units, including 1 entities, in source file instuction_register_bdf.bdf
    Info (12023): Found entity 1: instuction_register_bdf
Info (12021): Found 2 design units, including 1 entities, in source file risc_cpu.vhd
    Info (12022): Found design unit 1: RISC_CPU-instru
    Info (12023): Found entity 1: RISC_CPU
Info (12021): Found 2 design units, including 1 entities, in source file risc_cpu_tpo1.vhd
    Info (12022): Found design unit 1: RISC_CPU_TPO1-instu
    Info (12023): Found entity 1: RISC_CPU_TPO1
Info (12127): Elaborating entity "RISC_CPU_TPO1" for the top level hierarchy
Info (12128): Elaborating entity "RISC_CPU" for hierarchy "RISC_CPU:U0"
Info (12128): Elaborating entity "clkgen" for hierarchy "RISC_CPU:U0|clkgen:U0"
Info (12128): Elaborating entity "instruction_register" for hierarchy "RISC_CPU:U0|instruction_register:U1"
Info (12128): Elaborating entity "accumulator" for hierarchy "RISC_CPU:U0|accumulator:U2"
Info (12128): Elaborating entity "myalu" for hierarchy "RISC_CPU:U0|myalu:U3"
Info (12128): Elaborating entity "machinectl" for hierarchy "RISC_CPU:U0|machinectl:U4"
Info (12128): Elaborating entity "machine" for hierarchy "RISC_CPU:U0|machine:U5"
Info (12128): Elaborating entity "myaddr" for hierarchy "RISC_CPU:U0|myaddr:U6"
Info (12128): Elaborating entity "counter" for hierarchy "RISC_CPU:U0|counter:U7"
Info (12128): Elaborating entity "datactl" for hierarchy "RISC_CPU:U0|datactl:U8"
Info (12128): Elaborating entity "addr_decodeer" for hierarchy "addr_decodeer:U1"
Info (12128): Elaborating entity "ram1" for hierarchy "ram1:U2"
Warning (10492): VHDL Process Statement warning at ram1.vhd(18): signal "mem" is read inside the Process Statement but isn't in the Process Statement's sensitivity list
Info (12128): Elaborating entity "rom1" for hierarchy "rom1:U3"
Warning (10492): VHDL Process Statement warning at rom1.vhd(21): signal "mem" is read inside the Process Statement but isn't in the Process Statement's sensitivity list
Warning (10873): Using initial value X (don't care) for net "mem[4..1023]" at rom1.vhd(12)
Info (278001): Inferred 4 megafunctions from design logic
    Info (278004): Inferred divider/modulo megafunction ("lpm_divide") from the following logic: "RISC_CPU:U0|myalu:U3|Div0"
    Info (278003): Inferred multiplier megafunction ("lpm_mult") from the following logic: "RISC_CPU:U0|myalu:U3|Mult1"
    Info (278003): Inferred multiplier megafunction ("lpm_mult") from the following logic: "RISC_CPU:U0|myalu:U3|Mult0"
    Info (278004): Inferred divider/modulo megafunction ("lpm_divide") from the following logic: "RISC_CPU:U0|myalu:U3|Div1"
Info (12130): Elaborated megafunction instantiation "RISC_CPU:U0|myalu:U3|lpm_divide:Div0"
Info (12133): Instantiated megafunction "RISC_CPU:U0|myalu:U3|lpm_divide:Div0" with the following parameter:
    Info (12134): Parameter "LPM_WIDTHN" = "8"
    Info (12134): Parameter "LPM_WIDTHD" = "8"
    Info (12134): Parameter "LPM_NREPRESENTATION" = "UNSIGNED"
    Info (12134): Parameter "LPM_DREPRESENTATION" = "UNSIGNED"
Info (12021): Found 1 design units, including 1 entities, in source file db/lpm_divide_5dm.tdf
    Info (12023): Found entity 1: lpm_divide_5dm
Info (12021): Found 1 design units, including 1 entities, in source file db/sign_div_unsign_fkh.tdf
    Info (12023): Found entity 1: sign_div_unsign_fkh
Info (12021): Found 1 design units, including 1 entities, in source file db/alt_u_div_00f.tdf
    Info (12023): Found entity 1: alt_u_div_00f
Info (12021): Found 1 design units, including 1 entities, in source file db/add_sub_lkc.tdf
    Info (12023): Found entity 1: add_sub_lkc
Info (12021): Found 1 design units, including 1 entities, in source file db/add_sub_mkc.tdf
    Info (12023): Found entity 1: add_sub_mkc
Info (12130): Elaborated megafunction instantiation "RISC_CPU:U0|myalu:U3|lpm_mult:Mult1"
Info (12133): Instantiated megafunction "RISC_CPU:U0|myalu:U3|lpm_mult:Mult1" with the following parameter:
    Info (12134): Parameter "LPM_WIDTHA" = "8"
    Info (12134): Parameter "LPM_WIDTHB" = "8"
    Info (12134): Parameter "LPM_WIDTHP" = "16"
    Info (12134): Parameter "LPM_WIDTHR" = "16"
    Info (12134): Parameter "LPM_WIDTHS" = "1"
    Info (12134): Parameter "LPM_REPRESENTATION" = "UNSIGNED"
    Info (12134): Parameter "INPUT_A_IS_CONSTANT" = "NO"
    Info (12134): Parameter "INPUT_B_IS_CONSTANT" = "NO"
    Info (12134): Parameter "MAXIMIZE_SPEED" = "5"
Info (12021): Found 1 design units, including 1 entities, in source file db/mult_o5t.tdf
    Info (12023): Found entity 1: mult_o5t
Warning (13046): Tri-state node(s) do not directly drive top-level pin(s)
    Warning (13047): Converted the fan-out from the tri-state buffer "ram1:U2|data[3]" to the node "RISC_CPU:U0|instruction_register:U1|opcode" into an OR gate
    Warning (13047): Converted the fan-out from the tri-state buffer "ram1:U2|data[4]" to the node "RISC_CPU:U0|instruction_register:U1|opcode" into an OR gate
    Warning (13047): Converted the fan-out from the tri-state buffer "rom1:U3|data[5]" to the node "RISC_CPU:U0|instruction_register:U1|opcode" into an OR gate
    Warning (13047): Converted the fan-out from the tri-state buffer "ram1:U2|data[6]" to the node "RISC_CPU:U0|instruction_register:U1|opcode" into an OR gate
    Warning (13047): Converted the fan-out from the tri-state buffer "rom1:U3|data[7]" to the node "RISC_CPU:U0|instruction_register:U1|opcode" into an OR gate
    Warning (13047): Converted the fan-out from the tri-state buffer "rom1:U3|data[0]" to the node "RISC_CPU:U0|instruction_register:U1|ir_addr" into an OR gate
    Warning (13047): Converted the fan-out from the tri-state buffer "ram1:U2|data[2]" to the node "RISC_CPU:U0|instruction_register:U1|ir_addr" into an OR gate
    Warning (13047): Converted the fan-out from the tri-state buffer "rom1:U3|data[1]" to the node "RISC_CPU:U0|instruction_register:U1|ir_addr" into an OR gate
Info (13000): Registers with preset signals will power-up high
Info (13003): DEV_CLRn pin will set, and not reset, register with preset signal due to NOT Gate Push-Back
Info (16010): Generating hard_block partition "hard_block:auto_generated_inst"
    Info (16011): Adding 0 node(s), including 0 DDIO, 0 PLL, 0 transceiver and 0 LCELL
Info (21057): Implemented 4117 device resources after synthesis - the final resource count might be different
    Info (21058): Implemented 2 input pins
    Info (21059): Implemented 1 output pins
    Info (21061): Implemented 4112 logic cells
    Info (21062): Implemented 2 DSP elements
Info: Quartus II 64-Bit Analysis & Synthesis was successful. 0 errors, 12 warnings
    Info: Peak virtual memory: 498 megabytes
    Info: Processing ended: Sun Mar 08 10:44:44 2015
    Info: Elapsed time: 00:00:10
    Info: Total CPU time (on all processors): 00:00:10


