Flow report for RISC_CPU
Sun Mar 08 10:45:53 2015
Quartus II 64-Bit Version 13.0.1 Build 232 06/12/2013 Service Pack 1 SJ Full Version


---------------------
; Table of Contents ;
---------------------
  1. Legal Notice
  2. Flow Summary
  3. Flow Settings
  4. Flow Non-Default Global Settings
  5. Flow Elapsed Time
  6. Flow OS Summary
  7. Flow Log
  8. Flow Messages
  9. Flow Suppressed Messages



----------------
; Legal Notice ;
----------------
Copyright (C) 1991-2013 Altera Corporation
Your use of Altera Corporation's design tools, logic functions 
and other software and tools, and its AMPP partner logic 
functions, and any output files from any of the foregoing 
(including device programming or simulation files), and any 
associated documentation or information are expressly subject 
to the terms and conditions of the Altera Program License 
Subscription Agreement, Altera MegaCore Function License 
Agreement, or other applicable license agreement, including, 
without limitation, that your use is for the sole purpose of 
programming logic devices manufactured by Altera and sold by 
Altera or its authorized distributors.  Please refer to the 
applicable agreement for further details.



+---------------------------------------------------------------------------------------+
; Flow Summary                                                                          ;
+------------------------------------+--------------------------------------------------+
; Flow Status                        ; Successful - Sun Mar 08 10:45:53 2015            ;
; Quartus II 64-Bit Version          ; 13.0.1 Build 232 06/12/2013 SP 1 SJ Full Version ;
; Revision Name                      ; RISC_CPU                                         ;
; Top-level Entity Name              ; RISC_CPU_TPO1                                    ;
; Family                             ; Cyclone II                                       ;
; Total logic elements               ; 2,975 / 4,608 ( 65 % )                           ;
;     Total combinational functions  ; 2,080 / 4,608 ( 45 % )                           ;
;     Dedicated logic registers      ; 2,118 / 4,608 ( 46 % )                           ;
; Total registers                    ; 2118                                             ;
; Total pins                         ; 3 / 89 ( 3 % )                                   ;
; Total virtual pins                 ; 0                                                ;
; Total memory bits                  ; 0 / 119,808 ( 0 % )                              ;
; Embedded Multiplier 9-bit elements ; 2 / 26 ( 8 % )                                   ;
; Total PLLs                         ; 0 / 2 ( 0 % )                                    ;
; Device                             ; EP2C5T144C6                                      ;
; Timing Models                      ; Final                                            ;
+------------------------------------+--------------------------------------------------+


+-----------------------------------------+
; Flow Settings                           ;
+-------------------+---------------------+
; Option            ; Setting             ;
+-------------------+---------------------+
; Start date & time ; 03/08/2015 10:44:34 ;
; Main task         ; Compilation         ;
; Revision Name     ; RISC_CPU            ;
+-------------------+---------------------+


+-----------------------------------------------------------------------------------------------------------------------+
; Flow Non-Default Global Settings                                                                                      ;
+-------------------------------------+--------------------------------+---------------+---------------+----------------+
; Assignment Name                     ; Value                          ; Default Value ; Entity Name   ; Section Id     ;
+-------------------------------------+--------------------------------+---------------+---------------+----------------+
; COMPILER_SIGNATURE_ID               ; 41881052373393.142578267405600 ; --            ; --            ; --             ;
; EDA_GENERATE_FUNCTIONAL_NETLIST     ; On                             ; --            ; --            ; eda_simulation ;
; EDA_OUTPUT_DATA_FORMAT              ; Verilog Hdl                    ; --            ; --            ; eda_simulation ;
; EDA_SIMULATION_TOOL                 ; ModelSim-Altera (Verilog)      ; <None>        ; --            ; --             ;
; PARTITION_COLOR                     ; 16764057                       ; --            ; RISC_CPU_TPO1 ; Top            ;
; PARTITION_FITTER_PRESERVATION_LEVEL ; PLACEMENT_AND_ROUTING          ; --            ; RISC_CPU_TPO1 ; Top            ;
; PARTITION_NETLIST_TYPE              ; SOURCE                         ; --            ; RISC_CPU_TPO1 ; Top            ;
; PROJECT_OUTPUT_DIRECTORY            ; output_files                   ; --            ; --            ; --             ;
; TOP_LEVEL_ENTITY                    ; RISC_CPU_TPO1                  ; RISC_CPU      ; --            ; --             ;
+-------------------------------------+--------------------------------+---------------+---------------+----------------+


+-------------------------------------------------------------------------------------------------------------------------------+
; Flow Elapsed Time                                                                                                             ;
+---------------------------+--------------+-------------------------+---------------------+------------------------------------+
; Module Name               ; Elapsed Time ; Average Processors Used ; Peak Virtual Memory ; Total CPU Time (on all processors) ;
+---------------------------+--------------+-------------------------+---------------------+------------------------------------+
; Analysis & Synthesis      ; 00:00:09     ; 1.0                     ; 496 MB              ; 00:00:09                           ;
; Fitter                    ; 00:00:55     ; 1.2                     ; 835 MB              ; 00:01:02                           ;
; Assembler                 ; 00:00:01     ; 1.0                     ; 418 MB              ; 00:00:01                           ;
; TimeQuest Timing Analyzer ; 00:00:06     ; 1.0                     ; 461 MB              ; 00:00:06                           ;
; EDA Netlist Writer        ; 00:00:02     ; 1.0                     ; 407 MB              ; 00:00:01                           ;
; Total                     ; 00:01:13     ; --                      ; --                  ; 00:01:19                           ;
+---------------------------+--------------+-------------------------+---------------------+------------------------------------+


+----------------------------------------------------------------------------------------+
; Flow OS Summary                                                                        ;
+---------------------------+------------------+-----------+------------+----------------+
; Module Name               ; Machine Hostname ; OS Name   ; OS Version ; Processor type ;
+---------------------------+------------------+-----------+------------+----------------+
; Analysis & Synthesis      ; Roger672124      ; Windows 7 ; 6.1        ; x86_64         ;
; Fitter                    ; Roger672124      ; Windows 7 ; 6.1        ; x86_64         ;
; Assembler                 ; Roger672124      ; Windows 7 ; 6.1        ; x86_64         ;
; TimeQuest Timing Analyzer ; Roger672124      ; Windows 7 ; 6.1        ; x86_64         ;
; EDA Netlist Writer        ; Roger672124      ; Windows 7 ; 6.1        ; x86_64         ;
+---------------------------+------------------+-----------+------------+----------------+


------------
; Flow Log ;
------------
quartus_map --read_settings_files=on --write_settings_files=off RISC_CPU -c RISC_CPU
quartus_fit --read_settings_files=off --write_settings_files=off RISC_CPU -c RISC_CPU
quartus_asm --read_settings_files=off --write_settings_files=off RISC_CPU -c RISC_CPU
quartus_sta RISC_CPU -c RISC_CPU
quartus_eda --read_settings_files=off --write_settings_files=off RISC_CPU -c RISC_CPU



